<?xml version="1.0" encoding="UTF-8"?>
<testng-results skipped="0" failed="0" ignored="0" total="1" passed="1">
  <reporter-output>
  </reporter-output>
  <suite name="Default suite" duration-ms="10902" started-at="2017-11-29T12:19:32Z" finished-at="2017-11-29T12:19:42Z">
    <groups>
    </groups>
    <test name="Default test" duration-ms="10902" started-at="2017-11-29T12:19:32Z" finished-at="2017-11-29T12:19:42Z">
      <class name="com.testscript.Test2">
        <test-method status="PASS" signature="setUp()[pri:0, instance:com.testscript.Test2@13a5fe33]" name="setUp" is-config="true" duration-ms="10745" started-at="2017-11-29T17:49:32Z" finished-at="2017-11-29T17:49:42Z">
          <reporter-output>
          </reporter-output>
        </test-method> <!-- setUp -->
        <test-method status="PASS" signature="LoginTest1()[pri:1, instance:com.testscript.Test2@13a5fe33]" name="LoginTest1" duration-ms="135" started-at="2017-11-29T17:49:42Z" finished-at="2017-11-29T17:49:42Z">
          <reporter-output>
          </reporter-output>
        </test-method> <!-- LoginTest1 -->
      </class> <!-- com.testscript.Test2 -->
    </test> <!-- Default test -->
  </suite> <!-- Default suite -->
</testng-results>
